  Cell.cpp
  Chunk.cpp
  Circuit.cpp
C:\Users\sanso\source\repos\wireworld\wireworld\Circuit.cpp(32): warning C4018: '<': no coinciden signed/unsigned
C:\Users\sanso\source\repos\wireworld\wireworld\Circuit.cpp(114): warning C4018: '<': no coinciden signed/unsigned
C:\Users\sanso\source\repos\wireworld\wireworld\Circuit.cpp(218): warning C4018: '<': no coinciden signed/unsigned
C:\Program Files (x86)\Microsoft Visual Studio\2019\Community\VC\Tools\MSVC\14.20.27508\include\utility(123): warning C4244: 'inicializando': conversión de 'const T' a '_Ty1'; posible pérdida de datos
          with
          [
              T=float
          ]
          and
          [
              _Ty1=int
          ]
  C:\Users\sanso\source\repos\wireworld\wireworld\Circuit.cpp(55): note: vea la referencia a la creación de instancias de plantilla de función 'std::pair<int,int>::pair<const T&,const T&,0>(_Other1,_Other2) noexcept' que se está compilando
          with
          [
              T=float,
              _Other1=const float &,
              _Other2=const float &
          ]
  C:\Users\sanso\source\repos\wireworld\wireworld\Circuit.cpp(55): note: vea la referencia a la creación de instancias de plantilla de función 'std::pair<int,int>::pair<const T&,const T&,0>(_Other1,_Other2) noexcept' que se está compilando
          with
          [
              T=float,
              _Other1=const float &,
              _Other2=const float &
          ]
C:\Program Files (x86)\Microsoft Visual Studio\2019\Community\VC\Tools\MSVC\14.20.27508\include\utility(123): warning C4244: 'inicializando': conversión de 'const T' a '_Ty2'; posible pérdida de datos
          with
          [
              T=float
          ]
          and
          [
              _Ty2=int
          ]
  main.cpp
C:\Users\sanso\source\repos\wireworld\wireworld\main.cpp(51): warning C4244: 'argumento': conversión de 'int' a 'T'; posible pérdida de datos
          with
          [
              T=float
          ]
C:\Users\sanso\source\repos\wireworld\wireworld\main.cpp(52): warning C4244: 'argumento': conversión de 'int' a 'T'; posible pérdida de datos
          with
          [
              T=float
          ]
C:\Users\sanso\source\repos\wireworld\wireworld\main.cpp(54): warning C4244: 'argumento': conversión de 'int' a 'T'; posible pérdida de datos
          with
          [
              T=float
          ]
C:\Users\sanso\source\repos\wireworld\wireworld\main.cpp(93): warning C4305: 'argumento': truncamiento de 'double' a 'float'
C:\Users\sanso\source\repos\wireworld\wireworld\main.cpp(94): warning C4305: 'argumento': truncamiento de 'double' a 'float'
C:\Users\sanso\source\repos\wireworld\wireworld\main.cpp(163): warning C4018: '<': no coinciden signed/unsigned
C:\Users\sanso\source\repos\wireworld\wireworld\main.cpp(172): warning C4244: 'argumento': conversión de 'int' a 'T'; posible pérdida de datos
          with
          [
              T=float
          ]
main.obj : error LNK2001: símbolo externo "__declspec(dllimport) public: static class sf::RenderStates const sf::RenderStates::Default" (__imp_?Default@RenderStates@sf@@2V12@B) sin resolver
main.obj : error LNK2001: símbolo externo "__declspec(dllimport) public: class sf::Time __thiscall sf::Clock::restart(void)" (__imp_?restart@Clock@sf@@QAE?AVTime@2@XZ) sin resolver
main.obj : error LNK2001: símbolo externo "__declspec(dllimport) public: class sf::Time __thiscall sf::Clock::getElapsedTime(void)const " (__imp_?getElapsedTime@Clock@sf@@QBE?AVTime@2@XZ) sin resolver
main.obj : error LNK2001: símbolo externo "__declspec(dllimport) public: __thiscall sf::Clock::Clock(void)" (__imp_??0Clock@sf@@QAE@XZ) sin resolver
main.obj : error LNK2001: símbolo externo "__declspec(dllimport) public: int __thiscall sf::Time::asMilliseconds(void)const " (__imp_?asMilliseconds@Time@sf@@QBEHXZ) sin resolver
main.obj : error LNK2001: símbolo externo "__declspec(dllimport) public: void __thiscall sf::Transformable::setPosition(class sf::Vector2<float> const &)" (__imp_?setPosition@Transformable@sf@@QAEXABV?$Vector2@M@2@@Z) sin resolver
main.obj : error LNK2001: símbolo externo "__declspec(dllimport) public: void __thiscall sf::View::zoom(float)" (__imp_?zoom@View@sf@@QAEXM@Z) sin resolver
main.obj : error LNK2001: símbolo externo "__declspec(dllimport) public: void __thiscall sf::View::move(class sf::Vector2<float> const &)" (__imp_?move@View@sf@@QAEXABV?$Vector2@M@2@@Z) sin resolver
main.obj : error LNK2001: símbolo externo "__declspec(dllimport) public: void __thiscall sf::View::setSize(class sf::Vector2<float> const &)" (__imp_?setSize@View@sf@@QAEXABV?$Vector2@M@2@@Z) sin resolver
main.obj : error LNK2001: símbolo externo "__declspec(dllimport) public: __thiscall sf::View::View(class sf::Vector2<float> const &,class sf::Vector2<float> const &)" (__imp_??0View@sf@@QAE@ABV?$Vector2@M@1@0@Z) sin resolver
main.obj : error LNK2001: símbolo externo "__declspec(dllimport) public: bool __thiscall sf::Font::loadFromFile(class std::basic_string<char,struct std::char_traits<char>,class std::allocator<char> > const &)" (__imp_?loadFromFile@Font@sf@@QAE_NABV?$basic_string@DU?$char_traits@D@std@@V?$allocator@D@2@@std@@@Z) sin resolver
main.obj : error LNK2001: símbolo externo "__declspec(dllimport) public: __thiscall sf::Font::~Font(void)" (__imp_??1Font@sf@@QAE@XZ) sin resolver
main.obj : error LNK2001: símbolo externo "__declspec(dllimport) public: __thiscall sf::Font::Font(void)" (__imp_??0Font@sf@@QAE@XZ) sin resolver
main.obj : error LNK2001: símbolo externo "__declspec(dllimport) public: virtual class sf::Vector2<unsigned int> __thiscall sf::RenderWindow::getSize(void)const " (__imp_?getSize@RenderWindow@sf@@UBE?AV?$Vector2@I@2@XZ) sin resolver
main.obj : error LNK2001: símbolo externo "__declspec(dllimport) public: virtual __thiscall sf::RenderWindow::~RenderWindow(void)" (__imp_??1RenderWindow@sf@@UAE@XZ) sin resolver
main.obj : error LNK2001: símbolo externo "__declspec(dllimport) public: __thiscall sf::RenderWindow::RenderWindow(class sf::VideoMode,class sf::String const &,unsigned int,struct sf::ContextSettings const &)" (__imp_??0RenderWindow@sf@@QAE@VVideoMode@1@ABVString@1@IABUContextSettings@1@@Z) sin resolver
main.obj : error LNK2001: símbolo externo "__declspec(dllimport) public: __thiscall sf::Color::Color(unsigned char,unsigned char,unsigned char,unsigned char)" (__imp_??0Color@sf@@QAE@EEEE@Z) sin resolver
main.obj : error LNK2001: símbolo externo "__declspec(dllimport) public: void __thiscall sf::Window::display(void)" (__imp_?display@Window@sf@@QAEXXZ) sin resolver
main.obj : error LNK2001: símbolo externo "__declspec(dllimport) public: bool __thiscall sf::Window::pollEvent(class sf::Event &)" (__imp_?pollEvent@Window@sf@@QAE_NAAVEvent@2@@Z) sin resolver
main.obj : error LNK2001: símbolo externo "__declspec(dllimport) public: bool __thiscall sf::Window::isOpen(void)const " (__imp_?isOpen@Window@sf@@QBE_NXZ) sin resolver
main.obj : error LNK2001: símbolo externo "__declspec(dllimport) public: void __thiscall sf::Window::close(void)" (__imp_?close@Window@sf@@QAEXXZ) sin resolver
main.obj : error LNK2001: símbolo externo "__declspec(dllimport) public: void __thiscall sf::RenderTarget::draw(class sf::Drawable const &,class sf::RenderStates const &)" (__imp_?draw@RenderTarget@sf@@QAEXABVDrawable@2@ABVRenderStates@2@@Z) sin resolver
main.obj : error LNK2001: símbolo externo "__declspec(dllimport) public: class sf::Vector2<float> __thiscall sf::RenderTarget::mapPixelToCoords(class sf::Vector2<int> const &,class sf::View const &)const " (__imp_?mapPixelToCoords@RenderTarget@sf@@QBE?AV?$Vector2@M@2@ABV?$Vector2@H@2@ABVView@2@@Z) sin resolver
main.obj : error LNK2001: símbolo externo "__declspec(dllimport) public: void __thiscall sf::RenderTarget::setView(class sf::View const &)" (__imp_?setView@RenderTarget@sf@@QAEXABVView@2@@Z) sin resolver
main.obj : error LNK2001: símbolo externo "__declspec(dllimport) public: void __thiscall sf::RenderTarget::clear(class sf::Color const &)" (__imp_?clear@RenderTarget@sf@@QAEXABVColor@2@@Z) sin resolver
    Sugerencia sobre los símbolos definidos que podrían coincidir:
      "__declspec(dllimport) public: void __thiscall std::basic_ios<char,struct std::char_traits<char> >::clear(int,bool)" (__imp_?clear@?$basic_ios@DU?$char_traits@D@std@@@std@@QAEXH_N@Z)
main.obj : error LNK2001: símbolo externo "__declspec(dllimport) public: void __thiscall sf::Shape::setOutlineThickness(float)" (__imp_?setOutlineThickness@Shape@sf@@QAEXM@Z) sin resolver
main.obj : error LNK2001: símbolo externo "__declspec(dllimport) public: void __thiscall sf::Shape::setOutlineColor(class sf::Color const &)" (__imp_?setOutlineColor@Shape@sf@@QAEXABVColor@2@@Z) sin resolver
main.obj : error LNK2001: símbolo externo "__declspec(dllimport) public: void __thiscall sf::Shape::setFillColor(class sf::Color const &)" (__imp_?setFillColor@Shape@sf@@QAEXABVColor@2@@Z) sin resolver
main.obj : error LNK2001: símbolo externo "__declspec(dllimport) public: __thiscall sf::String::String(char const *,class std::locale const &)" (__imp_??0String@sf@@QAE@PBDABVlocale@std@@@Z) sin resolver
main.obj : error LNK2001: símbolo externo "__declspec(dllimport) public: __thiscall sf::RectangleShape::RectangleShape(class sf::Vector2<float> const &)" (__imp_??0RectangleShape@sf@@QAE@ABV?$Vector2@M@1@@Z) sin resolver
main.obj : error LNK2001: símbolo externo "__declspec(dllimport) class sf::Color __cdecl sf::operator-(class sf::Color const &,class sf::Color const &)" (__imp_??Gsf@@YA?AVColor@0@ABV10@0@Z) sin resolver
main.obj : error LNK2001: símbolo externo "__declspec(dllimport) public: __thiscall sf::VideoMode::VideoMode(unsigned int,unsigned int,unsigned int)" (__imp_??0VideoMode@sf@@QAE@III@Z) sin resolver
main.obj : error LNK2001: símbolo externo "__declspec(dllimport) public: void __thiscall sf::Text::setFont(class sf::Font const &)" (__imp_?setFont@Text@sf@@QAEXABVFont@2@@Z) sin resolver
main.obj : error LNK2001: símbolo externo "__declspec(dllimport) public: void __thiscall sf::Text::setString(class sf::String const &)" (__imp_?setString@Text@sf@@QAEXABVString@2@@Z) sin resolver
main.obj : error LNK2001: símbolo externo "__declspec(dllimport) public: __thiscall sf::Text::Text(void)" (__imp_??0Text@sf@@QAE@XZ) sin resolver
main.obj : error LNK2001: símbolo externo "__declspec(dllimport) public: static class sf::Vector2<int> __cdecl sf::Mouse::getPosition(void)" (__imp_?getPosition@Mouse@sf@@SA?AV?$Vector2@H@2@XZ) sin resolver
main.obj : error LNK2001: símbolo externo "__declspec(dllimport) public: static class sf::Vector2<int> __cdecl sf::Mouse::getPosition(class sf::Window const &)" (__imp_?getPosition@Mouse@sf@@SA?AV?$Vector2@H@2@ABVWindow@2@@Z) sin resolver
main.obj : error LNK2001: símbolo externo "__declspec(dllimport) public: static bool __cdecl sf::Mouse::isButtonPressed(enum sf::Mouse::Button)" (__imp_?isButtonPressed@Mouse@sf@@SA_NW4Button@12@@Z) sin resolver
main.obj : error LNK2001: símbolo externo "__declspec(dllimport) public: virtual __thiscall sf::RectangleShape::~RectangleShape(void)" (__imp_??1RectangleShape@sf@@UAE@XZ) sin resolver
main.obj : error LNK2001: símbolo externo "__declspec(dllimport) public: virtual __thiscall sf::Text::~Text(void)" (__imp_??1Text@sf@@UAE@XZ) sin resolver
main.obj : error LNK2001: símbolo externo "__declspec(dllimport) public: __thiscall sf::String::~String(void)" (__imp_??1String@sf@@QAE@XZ) sin resolver
C:\Users\sanso\source\repos\wireworld\Release\wireworld.exe : fatal error LNK1120: 41 externos sin resolver
